[0.480s] Invoking command in '/home/tyler122333/HW4/src/mine_sweeper': PYTHONPATH=/home/tyler122333/HW4/build/mine_sweeper/prefix_override:/home/tyler122333/HW4/install/mine_sweeper/lib/python3.10/site-packages:${PYTHONPATH} /usr/bin/python3 setup.py egg_info --egg-base ../../build/mine_sweeper build --build-base /home/tyler122333/HW4/build/mine_sweeper/build install --record /home/tyler122333/HW4/build/mine_sweeper/install.log --single-version-externally-managed
[0.665s] running egg_info
[0.666s] writing ../../build/mine_sweeper/mine_sweeper.egg-info/PKG-INFO
[0.666s] writing dependency_links to ../../build/mine_sweeper/mine_sweeper.egg-info/dependency_links.txt
[0.666s] writing entry points to ../../build/mine_sweeper/mine_sweeper.egg-info/entry_points.txt
[0.667s] writing requirements to ../../build/mine_sweeper/mine_sweeper.egg-info/requires.txt
[0.667s] writing top-level names to ../../build/mine_sweeper/mine_sweeper.egg-info/top_level.txt
[0.668s] reading manifest file '../../build/mine_sweeper/mine_sweeper.egg-info/SOURCES.txt'
[0.669s] writing manifest file '../../build/mine_sweeper/mine_sweeper.egg-info/SOURCES.txt'
[0.669s] running build
[0.669s] running build_py
[0.669s] copying mine_sweeper/sweeper.py -> /home/tyler122333/HW4/build/mine_sweeper/build/lib/mine_sweeper
[0.669s] running install
[0.670s] running install_lib
[0.670s] copying /home/tyler122333/HW4/build/mine_sweeper/build/lib/mine_sweeper/sweeper.py -> /home/tyler122333/HW4/install/mine_sweeper/lib/python3.10/site-packages/mine_sweeper
[0.671s] byte-compiling /home/tyler122333/HW4/install/mine_sweeper/lib/python3.10/site-packages/mine_sweeper/sweeper.py to sweeper.cpython-310.pyc
[0.672s] running install_data
[0.673s] running install_egg_info
[0.678s] removing '/home/tyler122333/HW4/install/mine_sweeper/lib/python3.10/site-packages/mine_sweeper-0.0.0-py3.10.egg-info' (and everything under it)
[0.678s] Copying ../../build/mine_sweeper/mine_sweeper.egg-info to /home/tyler122333/HW4/install/mine_sweeper/lib/python3.10/site-packages/mine_sweeper-0.0.0-py3.10.egg-info
[0.678s] running install_scripts
[0.690s] Installing sweeper script to /home/tyler122333/HW4/install/mine_sweeper/lib/mine_sweeper
[0.691s] writing list of installed files to '/home/tyler122333/HW4/build/mine_sweeper/install.log'
[0.716s] Invoked command in '/home/tyler122333/HW4/src/mine_sweeper' returned '0': PYTHONPATH=/home/tyler122333/HW4/build/mine_sweeper/prefix_override:/home/tyler122333/HW4/install/mine_sweeper/lib/python3.10/site-packages:${PYTHONPATH} /usr/bin/python3 setup.py egg_info --egg-base ../../build/mine_sweeper build --build-base /home/tyler122333/HW4/build/mine_sweeper/build install --record /home/tyler122333/HW4/build/mine_sweeper/install.log --single-version-externally-managed
