running egg_info
creating ../../build/mine_sweeper/mine_sweeper.egg-info
writing ../../build/mine_sweeper/mine_sweeper.egg-info/PKG-INFO
writing dependency_links to ../../build/mine_sweeper/mine_sweeper.egg-info/dependency_links.txt
writing entry points to ../../build/mine_sweeper/mine_sweeper.egg-info/entry_points.txt
writing requirements to ../../build/mine_sweeper/mine_sweeper.egg-info/requires.txt
writing top-level names to ../../build/mine_sweeper/mine_sweeper.egg-info/top_level.txt
writing manifest file '../../build/mine_sweeper/mine_sweeper.egg-info/SOURCES.txt'
reading manifest file '../../build/mine_sweeper/mine_sweeper.egg-info/SOURCES.txt'
writing manifest file '../../build/mine_sweeper/mine_sweeper.egg-info/SOURCES.txt'
running build
running build_py
creating /home/tyler122333/HW4/build/mine_sweeper/build
creating /home/tyler122333/HW4/build/mine_sweeper/build/lib
creating /home/tyler122333/HW4/build/mine_sweeper/build/lib/mine_sweeper
copying mine_sweeper/sweeper.py -> /home/tyler122333/HW4/build/mine_sweeper/build/lib/mine_sweeper
copying mine_sweeper/__init__.py -> /home/tyler122333/HW4/build/mine_sweeper/build/lib/mine_sweeper
running install
running install_lib
creating /home/tyler122333/HW4/install/mine_sweeper/lib/python3.10/site-packages/mine_sweeper
copying /home/tyler122333/HW4/build/mine_sweeper/build/lib/mine_sweeper/sweeper.py -> /home/tyler122333/HW4/install/mine_sweeper/lib/python3.10/site-packages/mine_sweeper
copying /home/tyler122333/HW4/build/mine_sweeper/build/lib/mine_sweeper/__init__.py -> /home/tyler122333/HW4/install/mine_sweeper/lib/python3.10/site-packages/mine_sweeper
byte-compiling /home/tyler122333/HW4/install/mine_sweeper/lib/python3.10/site-packages/mine_sweeper/sweeper.py to sweeper.cpython-310.pyc
byte-compiling /home/tyler122333/HW4/install/mine_sweeper/lib/python3.10/site-packages/mine_sweeper/__init__.py to __init__.cpython-310.pyc
running install_data
creating /home/tyler122333/HW4/install/mine_sweeper/share/ament_index
creating /home/tyler122333/HW4/install/mine_sweeper/share/ament_index/resource_index
creating /home/tyler122333/HW4/install/mine_sweeper/share/ament_index/resource_index/packages
copying resource/mine_sweeper -> /home/tyler122333/HW4/install/mine_sweeper/share/ament_index/resource_index/packages
copying package.xml -> /home/tyler122333/HW4/install/mine_sweeper/share/mine_sweeper
running install_egg_info
Copying ../../build/mine_sweeper/mine_sweeper.egg-info to /home/tyler122333/HW4/install/mine_sweeper/lib/python3.10/site-packages/mine_sweeper-0.0.0-py3.10.egg-info
running install_scripts
Installing sweeper script to /home/tyler122333/HW4/install/mine_sweeper/lib/mine_sweeper
writing list of installed files to '/home/tyler122333/HW4/build/mine_sweeper/install.log'
