[0.460s] Invoking command in '/home/tyler122333/HW4/src/mine_sweeper': PYTHONPATH=/home/tyler122333/HW4/build/mine_sweeper/prefix_override:/home/tyler122333/HW4/install/mine_sweeper/lib/python3.10/site-packages:${PYTHONPATH} /usr/bin/python3 setup.py egg_info --egg-base ../../build/mine_sweeper build --build-base /home/tyler122333/HW4/build/mine_sweeper/build install --record /home/tyler122333/HW4/build/mine_sweeper/install.log --single-version-externally-managed
[0.632s] running egg_info
[0.633s] writing ../../build/mine_sweeper/mine_sweeper.egg-info/PKG-INFO
[0.633s] writing dependency_links to ../../build/mine_sweeper/mine_sweeper.egg-info/dependency_links.txt
[0.633s] writing entry points to ../../build/mine_sweeper/mine_sweeper.egg-info/entry_points.txt
[0.633s] writing requirements to ../../build/mine_sweeper/mine_sweeper.egg-info/requires.txt
[0.633s] writing top-level names to ../../build/mine_sweeper/mine_sweeper.egg-info/top_level.txt
[0.634s] reading manifest file '../../build/mine_sweeper/mine_sweeper.egg-info/SOURCES.txt'
[0.635s] writing manifest file '../../build/mine_sweeper/mine_sweeper.egg-info/SOURCES.txt'
[0.635s] running build
[0.635s] running build_py
[0.635s] running install
[0.636s] running install_lib
[0.636s] running install_data
[0.637s] running install_egg_info
[0.638s] removing '/home/tyler122333/HW4/install/mine_sweeper/lib/python3.10/site-packages/mine_sweeper-0.0.0-py3.10.egg-info' (and everything under it)
[0.638s] Copying ../../build/mine_sweeper/mine_sweeper.egg-info to /home/tyler122333/HW4/install/mine_sweeper/lib/python3.10/site-packages/mine_sweeper-0.0.0-py3.10.egg-info
[0.639s] running install_scripts
[0.655s] Installing sweeper script to /home/tyler122333/HW4/install/mine_sweeper/lib/mine_sweeper
[0.655s] writing list of installed files to '/home/tyler122333/HW4/build/mine_sweeper/install.log'
[0.672s] Invoked command in '/home/tyler122333/HW4/src/mine_sweeper' returned '0': PYTHONPATH=/home/tyler122333/HW4/build/mine_sweeper/prefix_override:/home/tyler122333/HW4/install/mine_sweeper/lib/python3.10/site-packages:${PYTHONPATH} /usr/bin/python3 setup.py egg_info --egg-base ../../build/mine_sweeper build --build-base /home/tyler122333/HW4/build/mine_sweeper/build install --record /home/tyler122333/HW4/build/mine_sweeper/install.log --single-version-externally-managed
